ExpenseManager/proguard/mapping.txt
com.projects.em.CalcActivity -> com.projects.em.CalcActivity:
    android.widget.EditText editText -> a
    android.widget.Button buttonPlus -> b
    android.widget.Button buttonMinus -> c
    android.widget.Button buttonMultiply -> d
    android.widget.Button buttonDivide -> e
    android.widget.Button buttonEqual -> f
    android.widget.Button buttonPoint -> g
    android.widget.Button buttonBack -> h
    android.widget.Button buttonReset -> i
    android.widget.Button buttonTotal -> j
    android.widget.Button[] button -> k
    java.lang.String sum -> l
    java.lang.String EditTextMsg -> m
    java.lang.Integer countOne -> n
    java.lang.Float result -> o
    java.lang.Float result_mul -> p
    java.lang.Float result_div -> q
    java.lang.Float floatEditTextMsg -> r
    java.lang.String remValue -> s
    java.lang.String totValue -> t
    android.content.Intent me -> u
    int c -> v
    char press -> w
    android.os.Vibrator vibrator -> x
    void onCreate(android.os.Bundle) -> onCreate
    void onResume() -> onResume
    void onClick(android.view.View) -> onClick
com.projects.em.CalcActivity$1 -> com.projects.em.a:
    com.projects.em.CalcActivity this$0 -> a
    boolean onLongClick(android.view.View) -> onLongClick
com.projects.em.ContactsActivity -> com.projects.em.ContactsActivity:
    com.projects.em.ListViewCustom lstMembers -> b
    android.widget.EditText txtSearch -> c
    com.projects.em.ListItemAdapter aa -> d
    android.content.Intent me -> e
    java.util.List memberList -> f
    android.view.ActionMode mActionMode -> a
    int[] SelectedContacts -> g
    int TripId -> h
    java.lang.String where -> i
    com.projects.em.UndoOptions setundo -> j
    boolean firstload -> k
    java.util.List selectedIds -> l
    android.view.ActionMode$Callback mActionModeCallback -> m
    boolean IsMemberintheList(int[],int) -> a
    void onClick(android.view.View) -> onClick
    boolean onCreateOptionsMenu(android.view.Menu) -> onCreateOptionsMenu
    void onPause() -> onPause
    void onCreate(android.os.Bundle) -> onCreate
    void onCreateContextMenu(android.view.ContextMenu,android.view.View,android.view.ContextMenu$ContextMenuInfo) -> onCreateContextMenu
    android.content.Loader onCreateLoader(int,android.os.Bundle) -> onCreateLoader
    void onLoaderReset(android.content.Loader) -> onLoaderReset
    void onItemClick(android.widget.AdapterView,android.view.View,int,long) -> onItemClick
    void onLoadFinished(android.content.Loader,android.database.Cursor) -> a
    boolean OnLVCCheckChanged(int,boolean) -> a
    boolean onOptionsItemSelected(android.view.MenuItem) -> onOptionsItemSelected
    void onResume() -> onResume
    void ReloadList() -> a
com.projects.em.ContactsActivity$1 -> com.projects.em.b:
    com.projects.em.ContactsActivity this$0 -> a
    boolean onActionItemClicked(android.view.ActionMode,android.view.MenuItem) -> onActionItemClicked
    boolean onCreateActionMode(android.view.ActionMode,android.view.Menu) -> onCreateActionMode
    void onDestroyActionMode(android.view.ActionMode) -> onDestroyActionMode
    boolean onPrepareActionMode(android.view.ActionMode,android.view.Menu) -> onPrepareActionMode
com.projects.em.ContactsActivity$2 -> com.projects.em.c:
    com.projects.em.ContactsActivity this$0 -> a
    void onTextChanged(java.lang.CharSequence,int,int,int) -> onTextChanged
    void afterTextChanged(android.text.Editable) -> afterTextChanged
    void beforeTextChanged(java.lang.CharSequence,int,int,int) -> beforeTextChanged
com.projects.em.ContactsActivity$3 -> com.projects.em.d:
    com.projects.em.ContactsActivity this$0 -> a
    com.projects.em.ListItemClass val$lic -> b
    java.lang.String val$MemberName -> c
    java.lang.String val$MemberPh -> d
    java.lang.String val$MemberEmail -> e
    java.lang.String val$MemberUname -> f
    boolean onOkClicked(android.view.View,android.view.View,android.view.View) -> a
...
com.google.android.gms.drive.internal.UpdateMetadataRequest -> com.google.android.gms.drive.internal.UpdateMetadataRequest:
    android.os.Parcelable$Creator CREATOR -> CREATOR
    int kg -> a
    com.google.android.gms.drive.DriveId rr -> b
    com.google.android.gms.drive.metadata.internal.MetadataBundle rB -> c
    int describeContents() -> describeContents
    void writeToParcel(android.os.Parcel,int) -> writeToParcel
com.google.android.gms.drive.internal.aa -> com.google.android.gms.drive.internal.a:
    com.google.android.gms.drive.internal.UpdateMetadataRequest O(android.os.Parcel) -> a
    com.google.android.gms.drive.internal.UpdateMetadataRequest[] ao(int) -> a
    void a(com.google.android.gms.drive.internal.UpdateMetadataRequest,android.os.Parcel,int) -> a
    java.lang.Object[] newArray(int) -> newArray
    java.lang.Object createFromParcel(android.os.Parcel) -> createFromParcel
com.google.android.gms.drive.internal.b -> com.google.android.gms.drive.internal.b:
    com.google.android.gms.drive.internal.CloseContentsRequest A(android.os.Parcel) -> a
    com.google.android.gms.drive.internal.CloseContentsRequest[] aa(int) -> a
    void a(com.google.android.gms.drive.internal.CloseContentsRequest,android.os.Parcel,int) -> a
    java.lang.Object[] newArray(int) -> newArray
    java.lang.Object createFromParcel(android.os.Parcel) -> createFromParcel
com.google.android.gms.drive.internal.c -> com.google.android.gms.drive.internal.c:
    com.google.android.gms.drive.internal.CreateContentsRequest B(android.os.Parcel) -> a
    com.google.android.gms.drive.internal.CreateContentsRequest[] ab(int) -> a
    void a(com.google.android.gms.drive.internal.CreateContentsRequest,android.os.Parcel,int) -> a
    java.lang.Object[] newArray(int) -> newArray
    java.lang.Object createFromParcel(android.os.Parcel) -> createFromParcel
com.google.android.gms.drive.internal.d -> com.google.android.gms.drive.internal.d:
    com.google.android.gms.drive.internal.CreateFileIntentSenderRequest C(android.os.Parcel) -> a
    com.google.android.gms.drive.internal.CreateFileIntentSenderRequest[] ac(int) -> a
    void a(com.google.android.gms.drive.internal.CreateFileIntentSenderRequest,android.os.Parcel,int) -> a
    java.lang.Object[] newArray(int) -> newArray
    java.lang.Object createFromParcel(android.os.Parcel) -> createFromParcel
com.google.android.gms.drive.internal.e -> com.google.android.gms.drive.internal.e:
    com.google.android.gms.drive.internal.CreateFileRequest D(android.os.Parcel) -> a
    com.google.android.gms.drive.internal.CreateFileRequest[] ad(int) -> a
    void a(com.google.android.gms.drive.internal.CreateFileRequest,android.os.Parcel,int) -> a
    java.lang.Object[] newArray(int) -> newArray
    java.lang.Object createFromParcel(android.os.Parcel) -> createFromParcel
com.google.android.gms.drive.internal.f -> com.google.android.gms.drive.internal.f:
    com.google.android.gms.drive.internal.CreateFolderRequest E(android.os.Parcel) -> a
    com.google.android.gms.drive.internal.CreateFolderRequest[] ae(int) -> a
    void a(com.google.android.gms.drive.internal.CreateFolderRequest,android.os.Parcel,int) -> a
    java.lang.Object[] newArray(int) -> newArray
    java.lang.Object createFromParcel(android.os.Parcel) -> createFromParcel
com.google.android.gms.drive.internal.n -> com.google.android.gms.drive.internal.g:
    com.google.android.gms.drive.internal.GetMetadataRequest F(android.os.Parcel) -> a
    com.google.android.gms.drive.internal.GetMetadataRequest[] af(int) -> a
    void a(com.google.android.gms.drive.internal.GetMetadataRequest,android.os.Parcel,int) -> a
    java.lang.Object[] newArray(int) -> newArray
    java.lang.Object createFromParcel(android.os.Parcel) -> createFromParcel