ExpenseManager/proguard/usage.txt
com.projects.em.BuildConfig
com.projects.em.CalcActivity:
    android.widget.Button buttonDone
com.projects.em.ContactsActivity:
    private static final int CONTACT_ADD
    private static final int CONTACT_UPDATE
    public static final int MODE_GETMEMBERIDS
com.projects.em.DB_CP:
    private static final int MEMBER_ALLROWS
    private static final int MEMBER_SINGLE_ROW
    private static final int TRIP_ALLROWS
    private static final int TRIP_SINGLE_ROW
    private static final int EVENT_ALLROWS
    private static final int EVENT_SINGLE_ROW
    private static final int SHARE_ALLROWS
    private static final int SHARE_SINGLE_ROW
    private static final int TRIPMEMBER_ALLROWS
    private static final int TRIPMEMBER_SINGLE_ROW
    private static final int SHARE_SUM_ALLROWS
    private static final int GROUP_ALLROWS
    private static final int GROUP_SINGLE_ROW
    private static final int RAW
    958:962:public static java.lang.String[] getAllGroupNames()
    967:971:public static int[] getAllGroupIds()
com.projects.em.DB_CP$DBHelper:
    private static final java.lang.String CREATE_MEMBERS
    private static final java.lang.String CREATE_GROUPS
    private static final java.lang.String CREATE_TRIPS
    private static final java.lang.String CREATE_EVENTS
    private static final java.lang.String CREATE_SHARES
    private static final java.lang.String CREATE_TRIPMEMBERS
com.projects.em.DB_CP$DBinfo
com.projects.em.GroupActivity:
    private static final int GROUP_IMPORT_INTENT
com.projects.em.Helper:
    public static final int TRIPS
    public static final int EVENTS
    public static final int MEMBERS
    public static final int GROUPS
    public static final int FILESAVEINTENT
    public static final java.lang.String JSONTYPE
    public static final int JSONTYPE_SINGLETRIP
    public static final int JSONTYPE_TRIPARRAY
    746:784:public static java.lang.String DeleteSelectedItems(android.content.ContentResolver,int,int)
    1387:1393:private static android.content.Intent sendHTMLEmail(java.lang.String,java.lang.String,java.lang.String)
    1538:1553:public static boolean checkPlayServices(android.app.Activity)
    1558:1558:public static void AnalyseRecievedMessage(android.os.Bundle)
com.projects.em.Helper$2$1:
    1470:1470:public java.lang.String getTitle()
com.projects.em.Helper$MyPreferences:
    public static final java.lang.String EXTRA_MESSAGE
    public static final java.lang.String PROPERTY_REG_ID
    public static final java.lang.String PROPERTY_UNAME
    public static final java.lang.String PROPERTY_PASS
    public static final java.lang.String PROPERTY_APP_VERSION
    public static final java.lang.String TAG
    77:77:public Helper$MyPreferences()
    130:130:public static java.lang.String getpass(android.app.Activity)
com.projects.em.Helper$ThumbnailDetails
...
com.google.android.gms.maps.model.TileOverlayOptions$1:
    public com.google.android.gms.maps.model.Tile getTile(int,int,int)
com.google.android.gms.maps.model.TileOverlayOptions$2
com.google.android.gms.maps.model.TileOverlayOptionsCreator:
    public static final int CONTENT_DESCRIPTION
com.google.android.gms.maps.model.TileProvider:
    public abstract com.google.android.gms.maps.model.Tile getTile(int,int,int)
com.google.android.gms.maps.model.UrlTileProvider
com.google.android.gms.maps.model.VisibleRegion:
    public VisibleRegion(com.google.android.gms.maps.model.LatLng,com.google.android.gms.maps.model.LatLng,com.google.android.gms.maps.model.LatLng,com.google.android.gms.maps.model.LatLng,com.google.android.gms.maps.model.LatLngBounds)
com.google.android.gms.maps.model.VisibleRegionCreator:
    public static final int CONTENT_DESCRIPTION
com.google.android.gms.maps.model.internal.IPolylineDelegate
com.google.android.gms.maps.model.internal.IPolylineDelegate$a
com.google.android.gms.maps.model.internal.IPolylineDelegate$a$a
com.google.android.gms.maps.model.internal.a
com.google.android.gms.maps.model.internal.a$a
com.google.android.gms.maps.model.internal.a$a$a
com.google.android.gms.maps.model.internal.b
com.google.android.gms.maps.model.internal.b$a
com.google.android.gms.maps.model.internal.b$a$a
com.google.android.gms.maps.model.internal.c
com.google.android.gms.maps.model.internal.c$a
com.google.android.gms.maps.model.internal.c$a$a
com.google.android.gms.maps.model.internal.d
com.google.android.gms.maps.model.internal.d$a
com.google.android.gms.maps.model.internal.d$a$a
com.google.android.gms.maps.model.internal.e
com.google.android.gms.maps.model.internal.e$a
com.google.android.gms.maps.model.internal.e$a$a
com.google.android.gms.maps.model.internal.f
com.google.android.gms.maps.model.internal.f$a
com.google.android.gms.maps.model.internal.f$a$a
com.google.android.gms.maps.model.internal.g$a:
    public g$a()
com.google.android.gms.panorama.Panorama
com.google.android.gms.panorama.Panorama$1
com.google.android.gms.panorama.Panorama$2
com.google.android.gms.panorama.Panorama$3
com.google.android.gms.panorama.Panorama$PanoramaResult
com.google.android.gms.panorama.Panorama$a
com.google.android.gms.panorama.Panorama$b
com.google.android.gms.panorama.Panorama$b$1
com.google.android.gms.panorama.PanoramaClient
com.google.android.gms.panorama.PanoramaClient$1
com.google.android.gms.panorama.PanoramaClient$2
com.google.android.gms.panorama.PanoramaClient$OnPanoramaInfoLoadedListener
com.google.android.gms.plus.Account
com.google.android.gms.plus.Moments
com.google.android.gms.plus.Moments$LoadMomentsResult
com.google.android.gms.plus.People
com.google.android.gms.plus.People$LoadPeopleResult
com.google.android.gms.plus.People$OrderBy
com.google.android.gms.plus.Plus
com.google.android.gms.plus.Plus$1
com.google.android.gms.plus.Plus$PlusOptions
com.google.android.gms.plus.Plus$PlusOptions$Builder
com.google.android.gms.plus.Plus$a
com.google.android.gms.plus.PlusClient
com.google.android.gms.plus.PlusClient$1
com.google.android.gms.plus.PlusClient$2
com.google.android.gms.plus.PlusClient$3
com.google.android.gms.plus.PlusClient$4
com.google.android.gms.plus.PlusClient$5
com.google.android.gms.plus.PlusClient$6
com.google.android.gms.plus.PlusClient$7
com.google.android.gms.plus.PlusClient$Builder
com.google.android.gms.plus.PlusClient$OnAccessRevokedListener
com.google.android.gms.plus.PlusClient$OnMomentsLoadedListener
com.google.android.gms.plus.PlusClient$OnPeopleLoadedListener
com.google.android.gms.plus.PlusClient$OrderBy
com.google.android.gms.plus.PlusOneButton
com.google.android.gms.plus.PlusOneButton$DefaultOnPlusOneClickListener
com.google.android.gms.plus.PlusOneButton$OnPlusOneClickListener
com.google.android.gms.plus.PlusOneButtonWithPopup
com.google.android.gms.plus.PlusOneDummyView
com.google.android.gms.plus.PlusOneDummyView$1
com.google.android.gms.plus.PlusOneDummyView$a